This is pdfTeX, Version 3.14159265-2.6-1.40.21 (TeX Live 2020) (preloaded format=pdflatex 2020.8.28)  24 OCT 2020 17:54
entering extended mode
 restricted \write18 enabled.
 %&-line parsing enabled.
**main.tex
(./main.tex
LaTeX2e <2020-02-02> patch level 5
L3 programming layer <2020-08-07> (../lib/lib.tex
(/home/amruta/study/sage-9.1/texlive/2020/texmf-dist/tex/latex/base/article.cls
Document Class: article 2019/12/20 v1.4l Standard LaTeX document class
(/home/amruta/study/sage-9.1/texlive/2020/texmf-dist/tex/latex/base/size11.clo
File: size11.clo 2019/12/20 v1.4l Standard LaTeX file (size option)
)
\c@part=\count168
\c@section=\count169
\c@subsection=\count170
\c@subsubsection=\count171
\c@paragraph=\count172
\c@subparagraph=\count173
\c@figure=\count174
\c@table=\count175
\abovecaptionskip=\skip47
\belowcaptionskip=\skip48
\bibindent=\dimen134
)
(/home/amruta/study/sage-9.1/texlive/2020/texmf-dist/tex/latex/amsmath/amsmath.
sty
Package: amsmath 2020/01/20 v2.17e AMS math features
\@mathmargin=\skip49

For additional information on amsmath, use the `?' option.

(/home/amruta/study/sage-9.1/texlive/2020/texmf-dist/tex/latex/amsmath/amstext.
sty
Package: amstext 2000/06/29 v2.01 AMS text

(/home/amruta/study/sage-9.1/texlive/2020/texmf-dist/tex/latex/amsmath/amsgen.s
ty
File: amsgen.sty 1999/11/30 v2.0 generic functions
\@emptytoks=\toks15
\ex@=\dimen135
))
(/home/amruta/study/sage-9.1/texlive/2020/texmf-dist/tex/latex/amsmath/amsbsy.s
ty
Package: amsbsy 1999/11/29 v1.2d Bold Symbols
\pmbraise@=\dimen136
)
(/home/amruta/study/sage-9.1/texlive/2020/texmf-dist/tex/latex/amsmath/amsopn.s
ty
Package: amsopn 2016/03/08 v2.02 operator names
)
\inf@bad=\count176
LaTeX Info: Redefining \frac on input line 227.
\uproot@=\count177
\leftroot@=\count178
LaTeX Info: Redefining \overline on input line 389.
\classnum@=\count179
\DOTSCASE@=\count180
LaTeX Info: Redefining \ldots on input line 486.
LaTeX Info: Redefining \dots on input line 489.
LaTeX Info: Redefining \cdots on input line 610.
\Mathstrutbox@=\box45
\strutbox@=\box46
\big@size=\dimen137
LaTeX Font Info:    Redeclaring font encoding OML on input line 733.
LaTeX Font Info:    Redeclaring font encoding OMS on input line 734.
\macc@depth=\count181
\c@MaxMatrixCols=\count182
\dotsspace@=\muskip16
\c@parentequation=\count183
\dspbrk@lvl=\count184
\tag@help=\toks16
\row@=\count185
\column@=\count186
\maxfields@=\count187
\andhelp@=\toks17
\eqnshift@=\dimen138
\alignsep@=\dimen139
\tagshift@=\dimen140
\tagwidth@=\dimen141
\totwidth@=\dimen142
\lineht@=\dimen143
\@envbody=\toks18
\multlinegap=\skip50
\multlinetaggap=\skip51
\mathdisplay@stack=\toks19
LaTeX Info: Redefining \[ on input line 2859.
LaTeX Info: Redefining \] on input line 2860.
)
(/home/amruta/study/sage-9.1/texlive/2020/texmf-dist/tex/latex/amsfonts/amssymb
.sty
Package: amssymb 2013/01/14 v3.01 AMS font symbols

(/home/amruta/study/sage-9.1/texlive/2020/texmf-dist/tex/latex/amsfonts/amsfont
s.sty
Package: amsfonts 2013/01/14 v3.01 Basic AMSFonts support
\symAMSa=\mathgroup4
\symAMSb=\mathgroup5
LaTeX Font Info:    Redeclaring math symbol \hbar on input line 98.
LaTeX Font Info:    Overwriting math alphabet `\mathfrak' in version `bold'
(Font)                  U/euf/m/n --> U/euf/b/n on input line 106.
))
(/home/amruta/study/sage-9.1/texlive/2020/texmf-dist/tex/latex/amscls/amsthm.st
y
Package: amsthm 2020/05/29 v2.20.6
\thm@style=\toks20
\thm@bodyfont=\toks21
\thm@headfont=\toks22
\thm@notefont=\toks23
\thm@headpunct=\toks24
\thm@preskip=\skip52
\thm@postskip=\skip53
\thm@headsep=\skip54
\dth@everypar=\toks25
)
(/home/amruta/study/sage-9.1/texlive/2020/texmf-dist/tex/latex/graphics/graphic
x.sty
Package: graphicx 2019/11/30 v1.2a Enhanced LaTeX Graphics (DPC,SPQR)

(/home/amruta/study/sage-9.1/texlive/2020/texmf-dist/tex/latex/graphics/keyval.
sty
Package: keyval 2014/10/28 v1.15 key=value parser (DPC)
\KV@toks@=\toks26
)
(/home/amruta/study/sage-9.1/texlive/2020/texmf-dist/tex/latex/graphics/graphic
s.sty
Package: graphics 2019/11/30 v1.4a Standard LaTeX Graphics (DPC,SPQR)

(/home/amruta/study/sage-9.1/texlive/2020/texmf-dist/tex/latex/graphics/trig.st
y
Package: trig 2016/01/03 v1.10 sin cos tan (DPC)
)
(/home/amruta/study/sage-9.1/texlive/2020/texmf-dist/tex/latex/graphics-cfg/gra
phics.cfg
File: graphics.cfg 2016/06/04 v1.11 sample graphics configuration
)
Package graphics Info: Driver file: pdftex.def on input line 105.

(/home/amruta/study/sage-9.1/texlive/2020/texmf-dist/tex/latex/graphics-def/pdf
tex.def
File: pdftex.def 2018/01/08 v1.0l Graphics/color driver for pdftex
))
\Gin@req@height=\dimen144
\Gin@req@width=\dimen145
)
(/home/amruta/study/sage-9.1/texlive/2020/texmf-dist/tex/latex/datetime/datetim
e.sty
Package: datetime 2015/03/20 v2.60 Date Time Package

(/home/amruta/study/sage-9.1/texlive/2020/texmf-dist/tex/latex/etoolbox/etoolbo
x.sty
Package: etoolbox 2020/08/24 v2.5j e-TeX tools for LaTeX (JAW)
\etb@tempcnta=\count188
)
(/home/amruta/study/sage-9.1/texlive/2020/texmf-dist/tex/latex/fmtcount/fmtcoun
t.sty
Package: fmtcount 2020/01/30 v3.07

(/home/amruta/study/sage-9.1/texlive/2020/texmf-dist/tex/latex/base/ifthen.sty
Package: ifthen 2014/09/29 v1.1c Standard LaTeX ifthen package (DPC)
)
(/home/amruta/study/sage-9.1/texlive/2020/texmf-dist/tex/latex/xkeyval/xkeyval.
sty
Package: xkeyval 2014/12/03 v2.7a package option processing (HA)

(/home/amruta/study/sage-9.1/texlive/2020/texmf-dist/tex/generic/xkeyval/xkeyva
l.tex
(/home/amruta/study/sage-9.1/texlive/2020/texmf-dist/tex/generic/xkeyval/xkvuti
ls.tex
\XKV@toks=\toks27
\XKV@tempa@toks=\toks28
)
\XKV@depth=\count189
File: xkeyval.tex 2014/12/03 v2.7a key=value parser (HA)
))
(/home/amruta/study/sage-9.1/texlive/2020/texmf-dist/tex/latex/fmtcount/fcprefi
x.sty
Package: fcprefix 2012/09/28

(/home/amruta/study/sage-9.1/texlive/2020/texmf-dist/tex/latex/fmtcount/fcnumpa
rser.sty
Package: fcnumparser 2017/06/15
\fc@digit@counter=\count190
))
\c@padzeroesN=\count191
\fc@tmpcatcode=\count192
\@DT@modctr=\count193
\@ordinalctr=\count194
\@orgargctr=\count195
\@strctr=\count196
\@tmpstrctr=\count197
\@DT@loopN=\count198
\@DT@X=\count199
)
(/home/amruta/study/sage-9.1/texlive/2020/texmf-dist/tex/latex/datetime/datetim
e-defaults.sty
Package: datetime-defaults 2013/09/10
)
\@day=\count266
\@month=\count267
\@year=\count268
\c@HOUR=\count269
\c@HOURXII=\count270
\c@MINUTE=\count271
\c@TOHOUR=\count272
\c@TOMINUTE=\count273
\c@SECOND=\count274
\currenthour=\count275
\currentminute=\count276
\currentsecond=\count277
Package datetime Info: No datetime.cfg file found, using default settings on in
put line 308.
\@dtctr=\count278
\dayofyear=\count279
\dayofweek=\count280
LaTeX Info: Redefining \today on input line 736.
\dt@a=\toks29
\dt@b=\toks30
)
(/home/amruta/study/sage-9.1/texlive/2020/texmf-dist/tex/latex/geometry/geometr
y.sty
Package: geometry 2020/01/02 v5.9 Page Geometry

(/home/amruta/study/sage-9.1/texlive/2020/texmf-dist/tex/generic/iftex/ifvtex.s
ty
Package: ifvtex 2019/10/25 v1.7 ifvtex legacy package. Use iftex instead.

(/home/amruta/study/sage-9.1/texlive/2020/texmf-dist/tex/generic/iftex/iftex.st
y
Package: iftex 2020/03/06 v1.0d TeX engine tests
))
\Gm@cnth=\count281
\Gm@cntv=\count282
\c@Gm@tempcnt=\count283
\Gm@bindingoffset=\dimen146
\Gm@wd@mp=\dimen147
\Gm@odd@mp=\dimen148
\Gm@even@mp=\dimen149
\Gm@layoutwidth=\dimen150
\Gm@layoutheight=\dimen151
\Gm@layouthoffset=\dimen152
\Gm@layoutvoffset=\dimen153
\Gm@dimlist=\toks31
)
(/home/amruta/study/sage-9.1/texlive/2020/texmf-dist/tex/latex/fancyhdr/fancyhd
r.sty
Package: fancyhdr 2019/01/31 v3.10 Extensive control of page headers and footer
s
\f@nch@headwidth=\skip55
\f@nch@O@elh=\skip56
\f@nch@O@erh=\skip57
\f@nch@O@olh=\skip58
\f@nch@O@orh=\skip59
\f@nch@O@elf=\skip60
\f@nch@O@erf=\skip61
\f@nch@O@olf=\skip62
\f@nch@O@orf=\skip63
)
(/home/amruta/study/sage-9.1/texlive/2020/texmf-dist/tex/latex/mathtools/mathto
ols.sty
Package: mathtools 2020/03/24 v1.24 mathematical typesetting tools

(/home/amruta/study/sage-9.1/texlive/2020/texmf-dist/tex/latex/tools/calc.sty
Package: calc 2017/05/25 v4.3 Infix arithmetic (KKT,FJ)
\calc@Acount=\count284
\calc@Bcount=\count285
\calc@Adimen=\dimen154
\calc@Bdimen=\dimen155
\calc@Askip=\skip64
\calc@Bskip=\skip65
LaTeX Info: Redefining \setlength on input line 80.
LaTeX Info: Redefining \addtolength on input line 81.
\calc@Ccount=\count286
\calc@Cskip=\skip66
)
(/home/amruta/study/sage-9.1/texlive/2020/texmf-dist/tex/latex/mathtools/mhsetu
p.sty
Package: mhsetup 2017/03/31 v1.3 programming setup (MH)
)
LaTeX Info: Thecontrolsequence`\('isalreadyrobust on input line 130.
LaTeX Info: Thecontrolsequence`\)'isalreadyrobust on input line 130.
LaTeX Info: Thecontrolsequence`\['isalreadyrobust on input line 130.
LaTeX Info: Thecontrolsequence`\]'isalreadyrobust on input line 130.
\g_MT_multlinerow_int=\count287
\l_MT_multwidth_dim=\dimen156
\origjot=\skip67
\l_MT_shortvdotswithinadjustabove_dim=\dimen157
\l_MT_shortvdotswithinadjustbelow_dim=\dimen158
\l_MT_above_intertext_sep=\dimen159
\l_MT_below_intertext_sep=\dimen160
\l_MT_above_shortintertext_sep=\dimen161
\l_MT_below_shortintertext_sep=\dimen162
\xmathstrut@box=\box47
\xmathstrut@dim=\dimen163
)
(/home/amruta/study/sage-9.1/texlive/2020/texmf-dist/tex/latex/tools/bm.sty
Package: bm 2019/07/24 v1.2d Bold Symbol Support (DPC/FMi)
\symboldoperators=\mathgroup6
\symboldletters=\mathgroup7
\symboldsymbols=\mathgroup8
LaTeX Font Info:    Redeclaring math alphabet \mathbf on input line 141.
LaTeX Info: Redefining \bm on input line 209.
)
(/home/amruta/study/sage-9.1/texlive/2020/texmf-dist/tex/latex/amsfonts/euscrip
t.sty
Package: euscript 2009/06/22 v3.00 Euler Script fonts
LaTeX Font Info:    Overwriting math alphabet `\EuScript' in version `bold'
(Font)                  U/eus/m/n --> U/eus/b/n on input line 33.
)
(/home/amruta/study/sage-9.1/texlive/2020/texmf-dist/tex/latex/xcolor/xcolor.st
y
Package: xcolor 2016/05/11 v2.12 LaTeX color extensions (UK)

(/home/amruta/study/sage-9.1/texlive/2020/texmf-dist/tex/latex/graphics-cfg/col
or.cfg
File: color.cfg 2016/01/02 v1.6 sample color configuration
)
Package xcolor Info: Driver file: pdftex.def on input line 225.
Package xcolor Info: Model `cmy' substituted by `cmy0' on input line 1348.
Package xcolor Info: Model `hsb' substituted by `rgb' on input line 1352.
Package xcolor Info: Model `RGB' extended on input line 1364.
Package xcolor Info: Model `HTML' substituted by `rgb' on input line 1366.
Package xcolor Info: Model `Hsb' substituted by `hsb' on input line 1367.
Package xcolor Info: Model `tHsb' substituted by `hsb' on input line 1368.
Package xcolor Info: Model `HSB' substituted by `hsb' on input line 1369.
Package xcolor Info: Model `Gray' substituted by `gray' on input line 1370.
Package xcolor Info: Model `wave' substituted by `hsb' on input line 1371.
)
(/home/amruta/study/sage-9.1/texlive/2020/texmf-dist/tex/latex/algorithm2e/algo
rithm2e.sty
Package: algorithm2e 2017/07/18 v5.2 algorithms environments
\c@AlgoLine=\count288
\algocf@hangindent=\skip68

(/home/amruta/study/sage-9.1/texlive/2020/texmf-dist/tex/latex/ifoddpage/ifoddp
age.sty
Package: ifoddpage 2016/04/23 v1.1 Conditionals for odd/even page detection
\c@checkoddpage=\count289
)
(/home/amruta/study/sage-9.1/texlive/2020/texmf-dist/tex/latex/tools/xspace.sty
Package: xspace 2014/10/28 v1.13 Space after command names (DPC,MH)
)
(/home/amruta/study/sage-9.1/texlive/2020/texmf-dist/tex/latex/relsize/relsize.
sty
Package: relsize 2013/03/29 ver 4.1
)
\skiptotal=\skip69
\skiplinenumber=\skip70
\skiprule=\skip71
\skiphlne=\skip72
\skiptext=\skip73
\skiplength=\skip74
\algomargin=\skip75
\skipalgocfslide=\skip76
\algowidth=\dimen164
\inoutsize=\dimen165
\inoutindent=\dimen166
\interspacetitleruled=\dimen167
\interspacealgoruled=\dimen168
\interspacetitleboxruled=\dimen169
\algocf@ruledwidth=\skip77
\algocf@inoutbox=\box48
\algocf@inputbox=\box49
\AlCapSkip=\skip78
\AlCapHSkip=\skip79
\algoskipindent=\skip80
\algocf@nlbox=\box50
\algocf@hangingbox=\box51
\algocf@untilbox=\box52
\algocf@skipuntil=\skip81
\algocf@capbox=\box53
\algocf@lcaptionbox=\skip82
\algoheightruledefault=\skip83
\algoheightrule=\skip84
\algotitleheightruledefault=\skip85
\algotitleheightrule=\skip86
\c@algocfline=\count290
\c@algocfproc=\count291
\c@algocf=\count292
\algocf@algoframe=\box54
\algocf@algobox=\box55
)
\c@theorem=\count293
) (./abs.tex) (./intro.tex) (./notations.tex) (./alg-cpx1.tex)
(./markov.tex) (./norms.tex) (./anti-concentration.tex) (./geo.tex)
(./e-net.tex) (./hitt-set.tex) (./exthr.tex) (./algo.tex) (./ref.tex)
(/home/amruta/study/sage-9.1/texlive/2020/texmf-dist/tex/latex/l3backend/l3back
end-pdfmode.def
File: l3backend-pdfmode.def 2020-08-07 L3 backend support: PDF mode
\l__kernel_color_stack_int=\count294
\l__pdf_internal_box=\box56
) (./main.aux)
\openout1 = `main.aux'.

LaTeX Font Info:    Checking defaults for OML/cmm/m/it on input line 21.
LaTeX Font Info:    ... okay on input line 21.
LaTeX Font Info:    Checking defaults for OMS/cmsy/m/n on input line 21.
LaTeX Font Info:    ... okay on input line 21.
LaTeX Font Info:    Checking defaults for OT1/cmr/m/n on input line 21.
LaTeX Font Info:    ... okay on input line 21.
LaTeX Font Info:    Checking defaults for T1/cmr/m/n on input line 21.
LaTeX Font Info:    ... okay on input line 21.
LaTeX Font Info:    Checking defaults for TS1/cmr/m/n on input line 21.
LaTeX Font Info:    ... okay on input line 21.
LaTeX Font Info:    Checking defaults for OMX/cmex/m/n on input line 21.
LaTeX Font Info:    ... okay on input line 21.
LaTeX Font Info:    Checking defaults for U/cmr/m/n on input line 21.
LaTeX Font Info:    ... okay on input line 21.

(/home/amruta/study/sage-9.1/texlive/2020/texmf-dist/tex/latex/epstopdf-pkg/eps
topdf-base.sty
Package: epstopdf-base 2020-01-24 v2.11 Base part for package epstopdf
Package epstopdf-base Info: Redefining graphics rule for `.eps' on input line 4
85.

(/home/amruta/study/sage-9.1/texlive/2020/texmf-dist/tex/latex/latexconfig/epst
opdf-sys.cfg
File: epstopdf-sys.cfg 2010/07/13 v1.3 Configuration of (r)epstopdf for TeX Liv
e
))
(/home/amruta/study/sage-9.1/texlive/2020/texmf-dist/tex/latex/fmtcount/fc-engl
ish.def
File: fc-english.def 2016/01/12
)
*geometry* driver: auto-detecting
*geometry* detected driver: pdftex
*geometry* verbose mode - [ preamble ] result:
* driver: pdftex
* paper: <default>
* layout: <same size as paper>
* layoutoffset:(h,v)=(0.0pt,0.0pt)
* modes: 
* h-part:(L,W,R)=(72.26999pt, 469.75502pt, 72.26999pt)
* v-part:(T,H,B)=(72.26999pt, 650.43001pt, 72.26999pt)
* \paperwidth=614.295pt
* \paperheight=794.96999pt
* \textwidth=469.75502pt
* \textheight=650.43001pt
* \oddsidemargin=0.0pt
* \evensidemargin=0.0pt
* \topmargin=-37.0pt
* \headheight=12.0pt
* \headsep=25.0pt
* \topskip=11.0pt
* \footskip=30.0pt
* \marginparwidth=59.0pt
* \marginparsep=10.0pt
* \columnsep=10.0pt
* \skip\footins=10.0pt plus 4.0pt minus 2.0pt
* \hoffset=0.0pt
* \voffset=0.0pt
* \mag=1000
* \@twocolumnfalse
* \@twosidefalse
* \@mparswitchfalse
* \@reversemarginfalse
* (1in=72.27pt=25.4mm, 1cm=28.453pt)

LaTeX Font Info:    Trying to load font information for U+msa on input line 23.


(/home/amruta/study/sage-9.1/texlive/2020/texmf-dist/tex/latex/amsfonts/umsa.fd
File: umsa.fd 2013/01/14 v3.01 AMS symbols A
)
LaTeX Font Info:    Trying to load font information for U+msb on input line 23.


(/home/amruta/study/sage-9.1/texlive/2020/texmf-dist/tex/latex/amsfonts/umsb.fd
File: umsb.fd 2013/01/14 v3.01 AMS symbols B
)
LaTeX Font Info:    Trying to load font information for U+eus on input line 24.


(/home/amruta/study/sage-9.1/texlive/2020/texmf-dist/tex/latex/amsfonts/ueus.fd
File: ueus.fd 2013/01/14 v3.01 Euler Script
) [1

{/home/amruta/study/sage-9.1/texlive/2020/texmf-var/fonts/map/pdftex/updmap/pdf
tex.map}] (./main.toc)
\tf@toc=\write3
\openout3 = `main.toc'.

 [2] [3]

Package amsmath Warning: Foreign command \atopwithdelims;
(amsmath)                \frac or \genfrac should be used instead
(amsmath)                 on input line 29.

[4] [5]
Overfull \hbox (3.71689pt too wide) in paragraph at lines 32--32
[]$\OML/cmm/b/it/10.95 v[] \OMS/cmsy/m/n/10.95 2 \OML/cmm/m/it/10.95 @T$ \OT1/c
mr/m/n/10.95 since oth-er-wise we can find a point $\OML/cmm/b/it/10.95 v[] \OM
S/cmsy/m/n/10.95 2 \OML/cmm/m/it/10.95 T$ \OT1/cmr/m/n/10.95 such that $\OMS/cm
sy/m/n/10.95 j\OML/cmm/m/it/10.95 f\OT1/cmr/m/n/10.95 (\OML/cmm/b/it/10.95 v[]\
OT1/cmr/m/n/10.95 )\OMS/cmsy/m/n/10.95 j \OML/cmm/m/it/10.95 > \OT1/cmr/m/n/10.
95 1$ us-ing $\OMS/cmsy/m/n/10.95 k\OT1/cmr/m/n/10.95 (\OMS/cmsy/m/n/10.95 r\OM
L/cmm/m/it/10.95 f\OT1/cmr/m/n/10.95 )(\OML/cmm/b/it/10.95 v\OMS/cmsy/m/n/10.95
 ^^C\OT1/cmr/m/n/10.95 )\OMS/cmsy/m/n/10.95 k[] 6\OT1/cmr/m/n/10.95 =
 []

[6] [7] [8] [9]
Overfull \hbox (7.52716pt too wide) in paragraph at lines 33--33
$\OML/cmm/m/it/10.95 f$ \OT1/cmr/m/n/10.95 is ho-mo-ge-neous $\OMS/cmsy/m/n/10.
95 ) 8\OML/cmm/b/it/10.95 e \OMS/cmsy/m/n/10.95 9\OML/cmm/m/it/10.95 i\OT1/cmr/
m/n/10.95 (\OML/cmm/m/it/10.95 e[] < e[]\OT1/cmr/m/n/10.95 ) \OMS/cmsy/m/n/10.9
5 )$ \OT1/cmr/m/n/10.95 by con-sr-tuc-tion of uni-vari-ate Leg-en-dre ba-sis $[
][] \OML/cmm/m/it/10.95 x[]L[]d^^V\OT1/cmr/m/n/10.95 (\OML/cmm/m/it/10.95 x[]\O
T1/cmr/m/n/10.95 ) =
 []

[10] [11] [12] [13] [14] [15] [16] [17] [18] [19] [20] [21]

LaTeX Font Warning: Command \Large invalid in math mode on input line 38.


LaTeX Font Warning: Command \Large invalid in math mode on input line 38.


LaTeX Font Warning: Command \Large invalid in math mode on input line 38.


LaTeX Font Warning: Command \Large invalid in math mode on input line 38.

[22] [23] [24] [25] (./main.aux) ) 
Here is how much of TeX's memory you used:
 6199 strings out of 482841
 88526 string characters out of 5954861
 428219 words of memory out of 5000000
 21403 multiletter control sequences out of 15000+600000
 558922 words of font info for 117 fonts, out of 8000000 for 9000
 14 hyphenation exceptions out of 8191
 47i,14n,72p,1160b,448s stack positions out of 5000i,500n,10000p,200000b,80000s
 </home/amruta/study/sage-9.1/texlive/2020/te
xmf-var/fonts/pk/ljfour/jknappen/ec/tcrm1095.600pk></home/amruta/study/sage-9.1
/texlive/2020/texmf-dist/fonts/type1/public/amsfonts/cm/cmbx10.pfb></home/amrut
a/study/sage-9.1/texlive/2020/texmf-dist/fonts/type1/public/amsfonts/cm/cmbx12.
pfb></home/amruta/study/sage-9.1/texlive/2020/texmf-dist/fonts/type1/public/ams
fonts/cm/cmbx8.pfb></home/amruta/study/sage-9.1/texlive/2020/texmf-dist/fonts/t
ype1/public/amsfonts/cm/cmbxti10.pfb></home/amruta/study/sage-9.1/texlive/2020/
texmf-dist/fonts/type1/public/amsfonts/cm/cmex10.pfb></home/amruta/study/sage-9
.1/texlive/2020/texmf-dist/fonts/type1/public/amsfonts/cmextra/cmex9.pfb></home
/amruta/study/sage-9.1/texlive/2020/texmf-dist/fonts/type1/public/amsfonts/cm/c
mmi10.pfb></home/amruta/study/sage-9.1/texlive/2020/texmf-dist/fonts/type1/publ
ic/amsfonts/cm/cmmi12.pfb></home/amruta/study/sage-9.1/texlive/2020/texmf-dist/
fonts/type1/public/amsfonts/cm/cmmi5.pfb></home/amruta/study/sage-9.1/texlive/2
020/texmf-dist/fonts/type1/public/amsfonts/cm/cmmi6.pfb></home/amruta/study/sag
e-9.1/texlive/2020/texmf-dist/fonts/type1/public/amsfonts/cm/cmmi7.pfb></home/a
mruta/study/sage-9.1/texlive/2020/texmf-dist/fonts/type1/public/amsfonts/cm/cmm
i8.pfb></home/amruta/study/sage-9.1/texlive/2020/texmf-dist/fonts/type1/public/
amsfonts/cm/cmmi9.pfb></home/amruta/study/sage-9.1/texlive/2020/texmf-dist/font
s/type1/public/amsfonts/cm/cmmib10.pfb></home/amruta/study/sage-9.1/texlive/202
0/texmf-dist/fonts/type1/public/amsfonts/cmextra/cmmib6.pfb></home/amruta/study
/sage-9.1/texlive/2020/texmf-dist/fonts/type1/public/amsfonts/cmextra/cmmib8.pf
b></home/amruta/study/sage-9.1/texlive/2020/texmf-dist/fonts/type1/public/amsfo
nts/cmextra/cmmib9.pfb></home/amruta/study/sage-9.1/texlive/2020/texmf-dist/fon
ts/type1/public/amsfonts/cm/cmr10.pfb></home/amruta/study/sage-9.1/texlive/2020
/texmf-dist/fonts/type1/public/amsfonts/cm/cmr12.pfb></home/amruta/study/sage-9
.1/texlive/2020/texmf-dist/fonts/type1/public/amsfonts/cm/cmr17.pfb></home/amru
ta/study/sage-9.1/texlive/2020/texmf-dist/fonts/type1/public/amsfonts/cm/cmr6.p
fb></home/amruta/study/sage-9.1/texlive/2020/texmf-dist/fonts/type1/public/amsf
onts/cm/cmr8.pfb></home/amruta/study/sage-9.1/texlive/2020/texmf-dist/fonts/typ
e1/public/amsfonts/cm/cmr9.pfb></home/amruta/study/sage-9.1/texlive/2020/texmf-
dist/fonts/type1/public/amsfonts/cm/cmsy10.pfb></home/amruta/study/sage-9.1/tex
live/2020/texmf-dist/fonts/type1/public/amsfonts/cm/cmsy6.pfb></home/amruta/stu
dy/sage-9.1/texlive/2020/texmf-dist/fonts/type1/public/amsfonts/cm/cmsy8.pfb></
home/amruta/study/sage-9.1/texlive/2020/texmf-dist/fonts/type1/public/amsfonts/
cm/cmsy9.pfb></home/amruta/study/sage-9.1/texlive/2020/texmf-dist/fonts/type1/p
ublic/amsfonts/cm/cmti10.pfb></home/amruta/study/sage-9.1/texlive/2020/texmf-di
st/fonts/type1/public/amsfonts/euler/eusm10.pfb></home/amruta/study/sage-9.1/te
xlive/2020/texmf-dist/fonts/type1/public/amsfonts/symbols/msam10.pfb></home/amr
uta/study/sage-9.1/texlive/2020/texmf-dist/fonts/type1/public/amsfonts/symbols/
msbm10.pfb></home/amruta/study/sage-9.1/texlive/2020/texmf-dist/fonts/type1/pub
lic/amsfonts/symbols/msbm7.pfb>
Output written on main.pdf (25 pages, 442895 bytes).
PDF statistics:
 219 PDF objects out of 1000 (max. 8388607)
 157 compressed objects within 2 object streams
 0 named destinations out of 1000 (max. 500000)
 1 words of extra memory for PDF output out of 10000 (max. 10000000)

